<?xml version="1.0" encoding="UTF-8"?>
<!-- Generated by org.testng.reporters.JUnitReportReporter -->
<testsuite hostname="DESKTOP-1CCDC5L" failures="0" tests="1" name="SeleniumProject.SeleniumProject.PolicyTest" time="7.934" errors="0" timestamp="2023-10-07T14:27:22 IST" skipped="0">
  <testcase classname="SeleniumProject.SeleniumProject.PolicyTest" name="testGoogle" time="7.934"/>
  <system-out/>
</testsuite> <!-- SeleniumProject.SeleniumProject.PolicyTest -->
